#
# A fatal error has been detected by the Java Runtime Environment:
#
#  EXCEPTION_ACCESS_VIOLATION (0xc0000005) at pc=0x000000006cf784ea, pid=568, tid=4032
#
# JRE version: 7.0-b147
# Java VM: Java HotSpot(TM) 64-Bit Server VM (21.0-b17 mixed mode windows-amd64 compressed oops)
# Problematic frame:
# V  [jvm.dll+0xe84ea]
#
# Failed to write core dump. Minidumps are not enabled by default on client versions of Windows
#
# If you would like to submit a bug report, please visit:
#   http://bugreport.sun.com/bugreport/crash.jsp
#

---------------  T H R E A D  ---------------

Current thread (0x000000000764a000):  JavaThread "AWT-EventQueue-0" [_thread_in_vm, id=4032, stack(0x00000000099b0000,0x0000000009ab0000)]

siginfo: ExceptionCode=0xc0000005, reading address 0x00000040c0100a0a

Registers:
RAX=0x0000a465bc4a5035, RBX=0x00000000bb2011a0, RCX=0x00000040c0100a02, RDX=0x00000000eb81efc8
RSP=0x0000000009aadb80, RBP=0x00000000061cfcc0, RSI=0x000000000764a000, RDI=0x00000000061cfcb0
R8 =0x0000037b00350452, R9 =0x0000037c00500453, R10=0x000000006d4eb8f0, R11=0x0000000009aadc78
R12=0x00000000061d0098, R13=0x00000000bb4bea51, R14=0x0000000009aadd18, R15=0x000000000764a000
RIP=0x000000006cf784ea, EFLAGS=0x0000000000010202

Top of Stack: (sp=0x0000000009aadb80)
0x0000000009aadb80:   00000000061cfcb0 000000000d6cd9d0
0x0000000009aadb90:   00000000735d8cc4 000000000764a000
0x0000000009aadba0:   00000000061cfcb0 000000006cf7877b
0x0000000009aadbb0:   00000000bb2011a0 000000000764a000
0x0000000009aadbc0:   000000006d028466 00000000ebffb7d0
0x0000000009aadbd0:   00000000061cfcb0 000000006cf64ba3
0x0000000009aadbe0:   00000000097cba00 000000000d96e2e0
0x0000000009aadbf0:   000000006d0285bc 0000000000000063
0x0000000009aadc00:   000000000764a000 000000000d96e2e0
0x0000000009aadc10:   00000000bb3d1130 0000000009aadc88
0x0000000009aadc20:   00000000026874ff 0000a465bc4a5035
0x0000000009aadc30:   0000000007704cd0 000000006cf06928
0x0000000009aadc40:   0000000009aadc88 000000000764a000
0x0000000009aadc50:   0000000007704d00 000000000619fd80
0x0000000009aadc60:   000000000619fe08 00000000061a0168
0x0000000009aadc70:   00000000bb4bea51 0000000000000000 

Instructions: (pc=0x000000006cf784ea)
0x000000006cf784ca:   ff ca 88 41 ff 75 ef 43 c6 04 10 00 49 8b c2 c3
0x000000006cf784da:   cc cc cc cc cc cc 48 89 5c 24 08 57 48 83 ec 20
0x000000006cf784ea:   0f b7 79 08 48 8b d9 ff c7 48 63 cf e8 e5 63 fb
0x000000006cf784fa:   ff 4c 8b d8 85 ff 7e 46 44 0f b7 43 08 8d 57 ff 


Register to memory mapping:

RAX=0x0000a465bc4a5035 is an unknown value
RBX=0x00000000bb2011a0 is an oop
{type array class} 
 - klass: {other class}
RCX=0x00000040c0100a02 is an unknown value
RDX=0x00000000eb81efc8 is an unknown value
RSP=0x0000000009aadb80 is pointing into the stack for thread: 0x000000000764a000
RBP=0x00000000061cfcc0 is an unknown value
RSI=0x000000000764a000 is a thread
RDI=0x00000000061cfcb0 is an unknown value
R8 =0x0000037b00350452 is an unknown value
R9 =0x0000037c00500453 is an unknown value
R10=0x000000006d4eb8f0 is an unknown value
R11=0x0000000009aadc78 is pointing into the stack for thread: 0x000000000764a000
R12=0x00000000061d0098 is an unknown value
R13=0x00000000bb4bea51 is an oop
{constMethod} 
 - klass: {other class}
 - method:       0x00000000bb4bea78 {method} 'getLength' '(Ljava/lang/Object;)I' in 'de/jreality/scene/data/IntArrayStorage'
 - exceptions:   0x00000000bb201d40
bci_from(00000000BB4BEA51) = 1; print_codes():
R14=0x0000000009aadd18 is pointing into the stack for thread: 0x000000000764a000
R15=0x000000000764a000 is a thread


Stack: [0x00000000099b0000,0x0000000009ab0000],  sp=0x0000000009aadb80,  free space=1014k
Native frames: (J=compiled Java code, j=interpreted, Vv=VM code, C=native code)
V  [jvm.dll+0xe84ea]

Java frames: (J=compiled Java code, j=interpreted, Vv=VM code)
j  de.jreality.scene.data.IntArrayStorage.getLength(Ljava/lang/Object;)I+1
j  de.jreality.scene.data.StorageModel$ArrayOf.copy(Ljava/lang/Object;ILde/jreality/scene/data/StorageModel;Ljava/lang/Object;II)V+211
j  de.jreality.scene.data.StorageModel.copy(Lde/jreality/scene/data/DataList;Lde/jreality/scene/data/StorageModel;Ljava/lang/Object;)Ljava/lang/Object;+48
j  de.jreality.scene.data.DataItem.copyTo(Lde/jreality/scene/data/WritableDataList;)Ljava/lang/Object;+16
j  de.jreality.scene.Geometry.setAttrImpl(Lde/jreality/scene/data/DataListSet;Lde/jreality/scene/data/Attribute;Lde/jreality/scene/data/DataList;Z)V+79
j  de.jreality.scene.Geometry.setAttributes(Ljava/lang/String;Lde/jreality/scene/data/DataListSet;Lde/jreality/scene/data/Attribute;Lde/jreality/scene/data/DataList;)V+14
j  de.jreality.scene.Geometry.setAttributes(Ljava/lang/String;Lde/jreality/scene/data/Attribute;Lde/jreality/scene/data/DataList;)V+17
j  de.jreality.geometry.AbstractGeometryFactory.updateNode(Lde/jreality/geometry/GeometryAttributeListSet;Lde/jreality/scene/data/Attribute;ZLde/jreality/geometry/OoNode;)V+51
j  de.jreality.geometry.AbstractPointSetFactory$AttributeGenerator.updateArray()V+17
j  de.jreality.geometry.AbstractIndexedFaceSetFactory.updateImpl()V+155
j  de.jreality.geometry.AbstractQuadMeshFactory.updateImpl()V+1
j  de.jreality.geometry.AbstractGeometryFactory$1.run()V+4
j  de.jreality.scene.Scene.executeWriter(Lde/jreality/scene/SceneGraphNode;Ljava/lang/Runnable;)V+5
j  de.jreality.geometry.AbstractGeometryFactory.update()V+29
j  de.jreality.geometry.SphereUtility.oneHalfSphere(I)Lde/jreality/scene/IndexedFaceSet;+255
j  de.jreality.geometry.SphereUtility.tessellatedCubeSphere(IZ)Lde/jreality/scene/SceneGraphComponent;+180
j  de.jreality.jogl.JOGLSphereHelper.setupSphereDLists(Lde/jreality/jogl/JOGLRenderer;)V+39
j  de.jreality.jogl.JOGLRenderer.init(Ljavax/media/opengl/GL;)V+128
j  de.jreality.jogl.JOGLRenderer.init(Ljavax/media/opengl/GLAutoDrawable;)V+61
j  de.jreality.jogl.AbstractViewer.init(Ljavax/media/opengl/GLAutoDrawable;)V+29
j  com.sun.opengl.impl.GLDrawableHelper.init(Ljavax/media/opengl/GLAutoDrawable;)V+29
j  javax.media.opengl.GLCanvas$InitAction.run()V+11
j  com.sun.opengl.impl.GLDrawableHelper.invokeGL(Ljavax/media/opengl/GLDrawable;Ljavax/media/opengl/GLContext;Ljava/lang/Runnable;Ljava/lang/Runnable;)V+370
j  javax.media.opengl.GLCanvas.maybeDoSingleThreadedWorkaround(Ljava/lang/Runnable;Ljava/lang/Runnable;)V+36
j  javax.media.opengl.GLCanvas.display()V+9
j  de.jreality.jogl.AbstractViewer.run()V+30
j  java.awt.event.InvocationEvent.dispatch()V+47
j  java.awt.EventQueue.dispatchEventImpl(Ljava/awt/AWTEvent;Ljava/lang/Object;)V+21
j  java.awt.EventQueue.access$000(Ljava/awt/EventQueue;Ljava/awt/AWTEvent;Ljava/lang/Object;)V+3
j  java.awt.EventQueue$3.run()Ljava/lang/Void;+12
j  java.awt.EventQueue$3.run()Ljava/lang/Object;+1
v  ~StubRoutines::call_stub
j  java.security.AccessController.doPrivileged(Ljava/security/PrivilegedAction;Ljava/security/AccessControlContext;)Ljava/lang/Object;+0
j  java.security.ProtectionDomain$1.doIntersectionPrivilege(Ljava/security/PrivilegedAction;Ljava/security/AccessControlContext;Ljava/security/AccessControlContext;)Ljava/lang/Object;+28
j  java.awt.EventQueue.dispatchEvent(Ljava/awt/AWTEvent;)V+46
j  java.awt.EventDispatchThread.pumpOneEventForFilters(I)Z+245
j  java.awt.EventDispatchThread.pumpEventsForFilter(ILjava/awt/Conditional;Ljava/awt/EventFilter;)V+35
j  java.awt.EventDispatchThread.pumpEventsForHierarchy(ILjava/awt/Conditional;Ljava/awt/Component;)V+11
j  java.awt.EventDispatchThread.pumpEvents(ILjava/awt/Conditional;)V+4
j  java.awt.EventDispatchThread.pumpEvents(Ljava/awt/Conditional;)V+3
j  java.awt.EventDispatchThread.run()V+9
v  ~StubRoutines::call_stub

---------------  P R O C E S S  ---------------

Java Threads: ( => current thread )
  0x000000000d461000 JavaThread "D3D Screen Updater" daemon [_thread_blocked, id=4060, stack(0x000000000e940000,0x000000000ea40000)]
  0x000000000228b800 JavaThread "DestroyJavaVM" [_thread_blocked, id=3624, stack(0x0000000002550000,0x0000000002650000)]
  0x000000000d1cc800 JavaThread "jReality ToolSystem EventQueue" [_thread_blocked, id=4492, stack(0x000000000e760000,0x000000000e860000)]
  0x000000000d733000 JavaThread "jreality raw device polling" [_thread_blocked, id=4656, stack(0x000000000e580000,0x000000000e680000)]
  0x000000000d22a800 JavaThread "TimerQueue" daemon [_thread_blocked, id=4616, stack(0x000000000e110000,0x000000000e210000)]
  0x00000000091e2800 JavaThread "jReality render thread" [_thread_blocked, id=4620, stack(0x000000000e2e0000,0x000000000e3e0000)]
  0x00000000093a9800 JavaThread "Swing-Shell" daemon [_thread_blocked, id=4652, stack(0x000000000c130000,0x000000000c230000)]
  0x0000000007728000 JavaThread "Image Fetcher 0" daemon [_thread_blocked, id=3040, stack(0x000000000bc50000,0x000000000bd50000)]
=>0x000000000764a000 JavaThread "AWT-EventQueue-0" [_thread_in_vm, id=4032, stack(0x00000000099b0000,0x0000000009ab0000)]
  0x0000000007404800 JavaThread "AWT-Windows" daemon [_thread_in_native, id=4428, stack(0x0000000007920000,0x0000000007a20000)]
  0x000000000741b000 JavaThread "AWT-Shutdown" [_thread_blocked, id=4424, stack(0x0000000007820000,0x0000000007920000)]
  0x00000000074c7000 JavaThread "Java2D Disposer" daemon [_thread_blocked, id=4640, stack(0x0000000006e90000,0x0000000006f90000)]
  0x00000000061b2800 JavaThread "Service Thread" daemon [_thread_blocked, id=3780, stack(0x0000000007230000,0x0000000007330000)]
  0x00000000061aa000 JavaThread "C2 CompilerThread1" daemon [_thread_blocked, id=3124, stack(0x0000000006fb0000,0x00000000070b0000)]
  0x00000000061a5000 JavaThread "C2 CompilerThread0" daemon [_thread_in_native, id=3656, stack(0x0000000006d80000,0x0000000006e80000)]
  0x00000000061a1000 JavaThread "Attach Listener" daemon [_thread_blocked, id=4940, stack(0x0000000006b80000,0x0000000006c80000)]
  0x000000000619c000 JavaThread "Signal Dispatcher" daemon [_thread_blocked, id=5100, stack(0x00000000065f0000,0x00000000066f0000)]
  0x0000000002387000 JavaThread "Finalizer" daemon [_thread_blocked, id=4928, stack(0x0000000006a30000,0x0000000006b30000)]
  0x000000000237f800 JavaThread "Reference Handler" daemon [_thread_blocked, id=3444, stack(0x0000000006870000,0x0000000006970000)]

Other Threads:
  0x0000000002379000 VMThread [stack: 0x0000000006730000,0x0000000006830000] [id=5104]
  0x00000000061bb000 WatcherThread [stack: 0x0000000007100000,0x0000000007200000] [id=1936]

VM state:not at safepoint (normal execution)

VM Mutex/Monitor currently owned by a thread: None

Heap
 PSYoungGen      total 19008K, used 16035K [0x00000000eac00000, 0x00000000ec130000, 0x0000000100000000)
  eden space 16320K, 81% used [0x00000000eac00000,0x00000000eb90cee0,0x00000000ebbf0000)
  from space 2688K, 99% used [0x00000000ebe90000,0x00000000ec12c030,0x00000000ec130000)
  to   space 2688K, 0% used [0x00000000ebbf0000,0x00000000ebbf0000,0x00000000ebe90000)
 PSOldGen        total 43520K, used 7239K [0x00000000c0400000, 0x00000000c2e80000, 0x00000000eac00000)
  object space 43520K, 16% used [0x00000000c0400000,0x00000000c0b11e58,0x00000000c2e80000)
 PSPermGen       total 28736K, used 28615K [0x00000000bb200000, 0x00000000bce10000, 0x00000000c0400000)
  object space 28736K, 99% used [0x00000000bb200000,0x00000000bcdf1d60,0x00000000bce10000)

Code Cache  [0x0000000002650000, 0x00000000028c0000, 0x0000000005650000)
 total_blobs=1039 nmethods=313 adapters=677 free_code_cache=47837Kb largest_free_block=48954560

Dynamic libraries:
0x000000013f390000 - 0x000000013f3c3000 	C:\Program Files\Java\jre7\bin\javaw.exe
0x0000000077980000 - 0x0000000077b29000 	C:\Windows\SYSTEM32\ntdll.dll
0x00000000772a0000 - 0x00000000773bf000 	C:\Windows\system32\kernel32.dll
0x000007fefe140000 - 0x000007fefe1ac000 	C:\Windows\system32\KERNELBASE.dll
0x000007feff850000 - 0x000007feff92b000 	C:\Windows\system32\ADVAPI32.dll
0x000007fefe520000 - 0x000007fefe5bf000 	C:\Windows\system32\msvcrt.dll
0x000007feff760000 - 0x000007feff77f000 	C:\Windows\SYSTEM32\sechost.dll
0x000007fefe320000 - 0x000007fefe44d000 	C:\Windows\system32\RPCRT4.dll
0x00000000775d0000 - 0x00000000776ca000 	C:\Windows\system32\USER32.dll
0x000007fefe870000 - 0x000007fefe8d7000 	C:\Windows\system32\GDI32.dll
0x000007feffc80000 - 0x000007feffc8e000 	C:\Windows\system32\LPK.dll
0x000007feff780000 - 0x000007feff849000 	C:\Windows\system32\USP10.dll
0x000007fefc1f0000 - 0x000007fefc3e4000 	C:\Windows\WinSxS\amd64_microsoft.windows.common-controls_6595b64144ccf1df_6.0.7601.17514_none_fa396087175ac9ac\COMCTL32.dll
0x000007fefe290000 - 0x000007fefe301000 	C:\Windows\system32\SHLWAPI.dll
0x000007fefe8e0000 - 0x000007fefe90e000 	C:\Windows\system32\IMM32.DLL
0x000007feffb70000 - 0x000007feffc79000 	C:\Windows\system32\MSCTF.dll
0x0000000073570000 - 0x0000000073641000 	C:\Program Files\Java\jre7\bin\msvcr100.dll
0x000000006ce90000 - 0x000000006d55e000 	C:\Program Files\Java\jre7\bin\server\jvm.dll
0x000007fef9e30000 - 0x000007fef9e39000 	C:\Windows\system32\WSOCK32.dll
0x000007fefe450000 - 0x000007fefe49d000 	C:\Windows\system32\WS2_32.dll
0x000007fefe310000 - 0x000007fefe318000 	C:\Windows\system32\NSI.dll
0x000007fef8920000 - 0x000007fef895b000 	C:\Windows\system32\WINMM.dll
0x0000000077b40000 - 0x0000000077b47000 	C:\Windows\system32\PSAPI.DLL
0x00000000739d0000 - 0x00000000739df000 	C:\Program Files\Java\jre7\bin\verify.dll
0x00000000739a0000 - 0x00000000739c8000 	C:\Program Files\Java\jre7\bin\java.dll
0x0000000073980000 - 0x0000000073995000 	C:\Program Files\Java\jre7\bin\zip.dll
0x0000000066e40000 - 0x0000000066fd3000 	C:\Program Files\Java\jre7\bin\awt.dll
0x000007fefe1b0000 - 0x000007fefe287000 	C:\Windows\system32\OLEAUT32.dll
0x000007fefe5c0000 - 0x000007fefe7c3000 	C:\Windows\system32\ole32.dll
0x000007fefc190000 - 0x000007fefc1e6000 	C:\Windows\system32\uxtheme.dll
0x000007fefbc50000 - 0x000007fefbc68000 	C:\Windows\system32\dwmapi.dll
0x000007fefdd10000 - 0x000007fefdd1f000 	C:\Windows\system32\CRYPTBASE.dll
0x000007fefe910000 - 0x000007feff698000 	C:\Windows\system32\SHELL32.dll
0x0000000070fa0000 - 0x0000000070fd4000 	C:\Program Files\Java\jre7\bin\fontmanager.dll
0x0000000073960000 - 0x0000000073979000 	C:\Program Files\Java\jre7\bin\net.dll
0x000007fefd610000 - 0x000007fefd665000 	C:\Windows\system32\mswsock.dll
0x000007fefd600000 - 0x000007fefd607000 	C:\Windows\System32\wship6.dll
0x0000000073710000 - 0x0000000073721000 	C:\Program Files\Java\jre7\bin\nio.dll
0x000007fefd670000 - 0x000007fefd687000 	C:\Windows\system32\CRYPTSP.dll
0x000007fefd370000 - 0x000007fefd3b7000 	C:\Windows\system32\rsaenh.dll
0x000007fefd110000 - 0x000007fefd12e000 	C:\Windows\system32\USERENV.dll
0x000007fefdde0000 - 0x000007fefddef000 	C:\Windows\system32\profapi.dll
0x000007fefce00000 - 0x000007fefd001000 	C:\Program Files (x86)\Forefront TMG Client\FwcWsp64.dll
0x000007fefe000000 - 0x000007fefe03a000 	C:\Windows\system32\WINTRUST.dll
0x000007fefde90000 - 0x000007fefdff7000 	C:\Windows\system32\CRYPT32.dll
0x000007fefde80000 - 0x000007fefde8f000 	C:\Windows\system32\MSASN1.dll
0x000007fefcdf0000 - 0x000007fefcdfc000 	C:\Windows\system32\VERSION.dll
0x000007fefcdd0000 - 0x000007fefcde6000 	C:\Windows\system32\NETAPI32.dll
0x000007fefd2a0000 - 0x000007fefd2ac000 	C:\Windows\system32\netutils.dll
0x000007fefd8f0000 - 0x000007fefd913000 	C:\Windows\system32\srvcli.dll
0x000007fefcdb0000 - 0x000007fefcdc5000 	C:\Windows\system32\wkscli.dll
0x000007fefcda0000 - 0x000007fefcdac000 	C:\Windows\system32\DSROLE.DLL
0x000007fefbd80000 - 0x000007fefbd95000 	C:\Windows\system32\NLAapi.dll
0x000007fefa260000 - 0x000007fefa275000 	C:\Windows\system32\napinsp.dll
0x000007fefa280000 - 0x000007fefa299000 	C:\Windows\system32\pnrpnsp.dll
0x000007fefd490000 - 0x000007fefd4eb000 	C:\Windows\system32\DNSAPI.dll
0x000007fefa050000 - 0x000007fefa05b000 	C:\Windows\System32\winrnr.dll
0x000007fefcc70000 - 0x000007fefcd95000 	C:\Windows\system32\DBGHELP.DLL
0x0000000075220000 - 0x0000000075223000 	C:\Windows\system32\security.dll
0x000007fefda70000 - 0x000007fefda7b000 	C:\Windows\system32\SECUR32.DLL
0x000007fefdc40000 - 0x000007fefdc65000 	C:\Windows\system32\SSPICLI.DLL
0x000007fefd260000 - 0x000007fefd26a000 	C:\Windows\system32\credssp.dll
0x000007fefd5a0000 - 0x000007fefd5f1000 	C:\Windows\system32\msv1_0.DLL
0x000007fefd920000 - 0x000007fefd934000 	C:\Windows\system32\cryptdll.dll
0x000007fefcc50000 - 0x000007fefcc57000 	C:\Windows\System32\wshtcpip.dll
0x000007fefb060000 - 0x000007fefb087000 	C:\Windows\system32\IPHLPAPI.DLL
0x000007fefb020000 - 0x000007fefb02b000 	C:\Windows\system32\WINNSI.DLL
0x000007fefa980000 - 0x000007fefa988000 	C:\Windows\system32\rasadhlp.dll
0x000007fefaf50000 - 0x000007fefafa3000 	C:\Windows\System32\fwpuclnt.dll
0x000007fef00e0000 - 0x000007fef02df000 	C:\Windows\system32\d3d9.dll
0x000007fefad10000 - 0x000007fefad17000 	C:\Windows\system32\d3d8thk.dll
0x0000000072cf0000 - 0x0000000072d86000 	C:\Windows\system32\aticfx64.dll
0x000007fefacf0000 - 0x000007fefacfb000 	C:\Windows\system32\atiu9p64.dll
0x0000000066950000 - 0x0000000066e36000 	C:\Windows\system32\atiumd64.dll
0x0000000066680000 - 0x0000000066941000 	C:\Windows\system32\atiumd6a.dll
0x0000000070f50000 - 0x0000000070f91000 	C:\Program Files\Java\jre7\bin\t2k.dll
0x000007fef8dd0000 - 0x000007fef8e70000 	C:\Windows\WinSxS\amd64_microsoft.windows.common-controls_6595b64144ccf1df_5.82.7601.17514_none_a4d6a923711520a9\comctl32.dll
0x000007feff930000 - 0x000007feffb07000 	C:\Windows\system32\SETUPAPI.dll
0x000007fefe040000 - 0x000007fefe076000 	C:\Windows\system32\CFGMGR32.dll
0x000007fefe120000 - 0x000007fefe13a000 	C:\Windows\system32\DEVOBJ.dll
0x000007feff6a0000 - 0x000007feff739000 	C:\Windows\system32\CLBCatQ.DLL
0x000007fefc500000 - 0x000007fefc62c000 	C:\Windows\system32\propsys.dll
0x000007fefcb60000 - 0x000007fefcb8d000 	C:\Windows\system32\ntmarta.dll
0x000007feffb10000 - 0x000007feffb62000 	C:\Windows\system32\WLDAP32.dll
0x000007fefdc70000 - 0x000007fefdcc7000 	C:\Windows\system32\apphelp.dll
0x000007fef4c50000 - 0x000007fef4dec000 	C:\Windows\system32\NetworkExplorer.dll
0x000007fef58f0000 - 0x000007fef5924000 	C:\Windows\System32\shdocvw.dll
0x000007fefc630000 - 0x000007fefc63b000 	C:\Windows\system32\slc.dll
0x000007fefbae0000 - 0x000007fefbc0a000 	C:\Windows\system32\WindowsCodecs.dll
0x000007fef78f0000 - 0x000007fef78ff000 	C:\Windows\system32\AcSignIcon.dll
0x00000000710c0000 - 0x00000000715a9000 	C:\Windows\WinSxS\amd64_microsoft.vc90.mfc_1fc8b3b9a1e18e3b_9.0.30729.6161_none_044aad0bab1eb146\mfc90u.dll
0x00000000727f0000 - 0x0000000072893000 	C:\Windows\WinSxS\amd64_microsoft.vc90.crt_1fc8b3b9a1e18e3b_9.0.30729.6161_none_08e61857a83bc251\MSVCR90.dll
0x000007fefa820000 - 0x000007fefa827000 	C:\Windows\system32\MSIMG32.dll
0x00000000746f0000 - 0x00000000746fe000 	C:\Windows\WinSxS\amd64_microsoft.vc90.mfcloc_1fc8b3b9a1e18e3b_9.0.30729.6161_none_01c9581e60cbee58\MFC90RUS.DLL
0x000007fef70f0000 - 0x000007fef7125000 	C:\Windows\system32\EhStorShell.dll
0x000007fef7070000 - 0x000007fef70ee000 	C:\Windows\System32\cscui.dll
0x000007fef78e0000 - 0x000007fef78ec000 	C:\Windows\System32\CSCDLL.dll
0x000007fef87a0000 - 0x000007fef87af000 	C:\Windows\system32\CSCAPI.dll
0x000007fef6f80000 - 0x000007fef7000000 	C:\Windows\system32\ntshrui.dll
0x000007fef79d0000 - 0x000007fef79e8000 	C:\Windows\system32\MPR.dll
0x000007fefc680000 - 0x000007fefc68a000 	C:\Windows\System32\drprov.dll
0x000007fefdcd0000 - 0x000007fefdd0d000 	C:\Windows\System32\WINSTA.dll
0x000007fef6a90000 - 0x000007fef6ab2000 	C:\Windows\System32\ntlanman.dll
0x000007fefa8d0000 - 0x000007fefa8ec000 	C:\Windows\System32\davclnt.dll
0x000007fefc640000 - 0x000007fefc64a000 	C:\Windows\System32\DAVHLPR.dll
0x000007feeee10000 - 0x000007feef081000 	C:\Windows\system32\wpdshext.dll
0x000007fefbf70000 - 0x000007fefc185000 	C:\Windows\WinSxS\amd64_microsoft.windows.gdiplus_6595b64144ccf1df_1.1.7601.17514_none_2b24536c71ed437a\gdiplus.dll
0x000007fef7ec0000 - 0x000007fef7f7d000 	C:\Windows\system32\PortableDeviceApi.dll
0x000007fef6a60000 - 0x000007fef6a87000 	C:\Windows\system32\EhStorAPI.dll
0x000007fef7050000 - 0x000007fef705c000 	C:\Windows\system32\LINKINFO.dll
0x0000000010000000 - 0x000000001005a000 	D:\Users\BamkinA\git\jr-test\jni\win64\jogl.dll
0x000007fef4810000 - 0x000007fef492d000 	C:\Windows\system32\OPENGL32.dll
0x000007fef47e0000 - 0x000007fef480d000 	C:\Windows\system32\GLU32.dll
0x000007fef46e0000 - 0x000007fef47d1000 	C:\Windows\system32\DDRAW.dll
0x000007fef6340000 - 0x000007fef6348000 	C:\Windows\system32\DCIMAN32.dll
0x00000000704b0000 - 0x0000000070579000 	C:\Windows\WinSxS\amd64_microsoft.vc80.crt_1fc8b3b9a1e18e3b_8.0.50727.4940_none_88df89932faf0bf6\MSVCR80.dll
0x0000000070f20000 - 0x0000000070f50000 	C:\Program Files\Java\jre7\bin\jpeg.dll
0x0000000070f00000 - 0x0000000070f07000 	C:\Program Files\Java\jre7\bin\jawt.dll
0x00000000065e0000 - 0x00000000065e7000 	D:\Users\BamkinA\git\jr-test\jni\win64\jogl_awt.dll
0x000007fefa830000 - 0x000007fefa838000 	C:\Windows\system32\atig6pxx.dll
0x0000000069030000 - 0x000000006a3a4000 	C:\Windows\system32\atio6axx.dll
0x000007fef7040000 - 0x000007fef7049000 	C:\Windows\system32\atig6txx.dll
0x0000000180000000 - 0x0000000180056000 	C:\Windows\system32\atiadlxx.dll

VM Arguments:
jvm_args: -Djava.library.path=D:\Users\BamkinA\git\jr-test\jni\linux64 -Dfile.encoding=Cp1251 
java_command: de.jreality.tutorial.geom.BallAndStickFactoryExample
Launcher Type: SUN_STANDARD

Environment Variables:
PATH=C:\Windows\system32;C:\Windows;C:\Windows\System32\Wbem;C:\Windows\System32\WindowsPowerShell\v1.0\;C:\Program Files\Java\jre6\bin\;C:\Program Files\SlikSvn\bin
USERNAME=BamkinA
OS=Windows_NT
PROCESSOR_IDENTIFIER=Intel64 Family 6 Model 42 Stepping 7, GenuineIntel



---------------  S Y S T E M  ---------------

OS: Windows 7 , 64 bit Build 7601 Service Pack 1

CPU:total 4 (4 cores per cpu, 1 threads per core) family 6 model 42 stepping 7, cmov, cx8, fxsr, mmx, sse, sse2, sse3, ssse3, sse4.1, sse4.2, popcnt

Memory: 4k page, physical 4170612k(2312716k free), swap 8339376k(6198944k free)

vm_info: Java HotSpot(TM) 64-Bit Server VM (21.0-b17) for windows-amd64 JRE (1.7.0-b147), built on Jun 27 2011 02:19:45 by "java_re" with unknown MS VC++:1600

time: Wed Nov 16 17:38:12 2011
elapsed time: 2 seconds

