#
# A fatal error has been detected by the Java Runtime Environment:
#
#  EXCEPTION_ACCESS_VIOLATION (0xc0000005) at pc=0x000000006a6aa1a8, pid=3560, tid=4952
#
# JRE version: 7.0-b147
# Java VM: Java HotSpot(TM) 64-Bit Server VM (21.0-b17 mixed mode windows-amd64 compressed oops)
# Problematic frame:
# V  [jvm.dll+0x53a1a8]
#
# Failed to write core dump. Minidumps are not enabled by default on client versions of Windows
#
# If you would like to submit a bug report, please visit:
#   http://bugreport.sun.com/bugreport/crash.jsp
#

---------------  T H R E A D  ---------------

Current thread (0x0000000006222000):  JavaThread "C2 CompilerThread0" daemon [_thread_in_native, id=4952, stack(0x00000000072b0000,0x00000000073b0000)]

siginfo: ExceptionCode=0xc0000005, ExceptionInformation=0x0000000000000008 0x000000006a6aa1a8

Registers:
RAX=0x000000000d1b0b58, RBX=0x000000000d1b06d0, RCX=0x000000000d1b06d0, RDX=0x000000000d1b06d0
RSP=0x00000000073abfd8, RBP=0x0000000000000000, RSI=0x00000000073ac1a0, RDI=0x00000000073acb10
R8 =0x00000000073acb88, R9 =0x000000000d1b0710, R10=0x0000000000000000, R11=0x000000000629eb90
R12=0x000000000950d6e0, R13=0x000000000000000d, R14=0x0000000000000000, R15=0x0000000000000000
RIP=0x000000006a6aa1a8, EFLAGS=0x0000000000010202

Top of Stack: (sp=0x00000000073abfd8)
0x00000000073abfd8:   000000006a5963e9 0000000000000000
0x00000000073abfe8:   000000006a4fe30b 000000000d21c9f8
0x00000000073abff8:   000000006a596df7 000000000d1b06d0
0x00000000073ac008:   000000006a5975ae 000000000d1b06d0
0x00000000073ac018:   000000006a5963e9 0000000000000000
0x00000000073ac028:   000000000d1b06d0 00000000073ac1a0
0x00000000073ac038:   00000000073ac1a0 000000000d1b1028
0x00000000073ac048:   000000006a59762d 00000000073ac1a0
0x00000000073ac058:   00000000073ac1a0 00000000073acb68
0x00000000073ac068:   00000000073ac1a0 00000000073ac1a0
0x00000000073ac078:   000000000d1b1028 0000000006214a30
0x00000000073ac088:   000000006a598824 00000000073ac1a0
0x00000000073ac098:   0000000000000000 00000000073acb68
0x00000000073ac0a8:   000000000000000c 000000000d1a0568
0x00000000073ac0b8:   000000000d19f530 000000000d198580
0x00000000073ac0c8:   000000006a50df5b 0000000006214a30 

Instructions: (pc=0x000000006a6aa1a8)
0x000000006a6aa188:   20 e2 4c 6a 00 00 00 00 c0 fd 4e 6a 00 00 00 00
0x000000006a6aa198:   30 4f 57 6a 00 00 00 00 f8 d0 71 6a 00 00 00 00
0x000000006a6aa1a8:   a0 57 50 6a 00 00 00 00 50 a3 5e 6a 00 00 00 00
0x000000006a6aa1b8:   20 e2 4c 6a 00 00 00 00 00 4d 21 6a 00 00 00 00 


Register to memory mapping:

RAX=0x000000000d1b0b58 is an unknown value
RBX=0x000000000d1b06d0 is an unknown value
RCX=0x000000000d1b06d0 is an unknown value
RDX=0x000000000d1b06d0 is an unknown value
RSP=0x00000000073abfd8 is pointing into the stack for thread: 0x0000000006222000
RBP=0x0000000000000000 is an unknown value
RSI=0x00000000073ac1a0 is pointing into the stack for thread: 0x0000000006222000
RDI=0x00000000073acb10 is pointing into the stack for thread: 0x0000000006222000
R8 =0x00000000073acb88 is pointing into the stack for thread: 0x0000000006222000
R9 =0x000000000d1b0710 is an unknown value
R10=0x0000000000000000 is an unknown value
R11=0x000000000629eb90 is an unknown value
R12=0x000000000950d6e0 is an unknown value
R13=0x000000000000000d is an unknown value
R14=0x0000000000000000 is an unknown value
R15=0x0000000000000000 is an unknown value


Stack: [0x00000000072b0000,0x00000000073b0000],  sp=0x00000000073abfd8,  free space=1007k
Native frames: (J=compiled Java code, j=interpreted, Vv=VM code, C=native code)
V  [jvm.dll+0x53a1a8]

[error occurred during error reporting (printing native stack), id 0xc0000005]


Current CompileTask:
C2:   1530  147             com.sun.org.apache.xerces.internal.impl.io.UTF8Reader::read (1388 bytes)


---------------  P R O C E S S  ---------------

Java Threads: ( => current thread )
  0x000000000942c800 JavaThread "TimerQueue" daemon [_thread_blocked, id=4256, stack(0x000000000e150000,0x000000000e250000)]
  0x000000000cee1000 JavaThread "jReality render thread" [_thread_blocked, id=4772, stack(0x000000000df10000,0x000000000e010000)]
  0x00000000091bd800 JavaThread "Swing-Shell" daemon [_thread_blocked, id=4456, stack(0x000000000bec0000,0x000000000bfc0000)]
  0x00000000091b9800 JavaThread "Image Fetcher 0" daemon [_thread_blocked, id=2084, stack(0x000000000bd60000,0x000000000be60000)]
  0x0000000007981800 JavaThread "AWT-EventQueue-0" [_thread_in_Java, id=4784, stack(0x00000000089b0000,0x0000000008ab0000)]
  0x00000000077a3000 JavaThread "AWT-Windows" daemon [_thread_in_native, id=4848, stack(0x0000000007d60000,0x0000000007e60000)]
  0x000000000783d800 JavaThread "AWT-Shutdown" [_thread_blocked, id=824, stack(0x0000000007c10000,0x0000000007d10000)]
  0x0000000006299000 JavaThread "Java2D Disposer" daemon [_thread_blocked, id=4600, stack(0x0000000007990000,0x0000000007a90000)]
  0x0000000006237800 JavaThread "Service Thread" daemon [_thread_blocked, id=3376, stack(0x0000000006770000,0x0000000006870000)]
  0x0000000006234800 JavaThread "C2 CompilerThread1" daemon [_thread_in_native, id=3812, stack(0x0000000007490000,0x0000000007590000)]
=>0x0000000006222000 JavaThread "C2 CompilerThread0" daemon [_thread_in_native, id=4952, stack(0x00000000072b0000,0x00000000073b0000)]
  0x000000000621e000 JavaThread "Attach Listener" daemon [_thread_blocked, id=1596, stack(0x0000000007060000,0x0000000007160000)]
  0x0000000006218800 JavaThread "Signal Dispatcher" daemon [_thread_blocked, id=948, stack(0x0000000006e40000,0x0000000006f40000)]
  0x0000000001df3800 JavaThread "Finalizer" daemon [_thread_blocked, id=4728, stack(0x0000000006c70000,0x0000000006d70000)]
  0x0000000001dec000 JavaThread "Reference Handler" daemon [_thread_blocked, id=4608, stack(0x0000000006a90000,0x0000000006b90000)]
  0x0000000001e7b800 JavaThread "main" [_thread_blocked, id=2524, stack(0x0000000002410000,0x0000000002510000)]

Other Threads:
  0x0000000001de5000 VMThread [stack: 0x0000000006890000,0x0000000006990000] [id=2952]
  0x0000000006250800 WatcherThread [stack: 0x0000000006f40000,0x0000000007040000] [id=1188]

VM state:not at safepoint (normal execution)

VM Mutex/Monitor currently owned by a thread: None

Heap
 PSYoungGen      total 19008K, used 14350K [0x00000000eac00000, 0x00000000ec130000, 0x0000000100000000)
  eden space 16320K, 71% used [0x00000000eac00000,0x00000000eb767928,0x00000000ebbf0000)
  from space 2688K, 99% used [0x00000000ebe90000,0x00000000ec12c030,0x00000000ec130000)
  to   space 2688K, 0% used [0x00000000ebbf0000,0x00000000ebbf0000,0x00000000ebe90000)
 PSOldGen        total 43520K, used 2372K [0x00000000c0400000, 0x00000000c2e80000, 0x00000000eac00000)
  object space 43520K, 5% used [0x00000000c0400000,0x00000000c0651130,0x00000000c2e80000)
 PSPermGen       total 26816K, used 26691K [0x00000000bb200000, 0x00000000bcc30000, 0x00000000c0400000)
  object space 26816K, 99% used [0x00000000bb200000,0x00000000bcc10f10,0x00000000bcc30000)

Code Cache  [0x0000000002510000, 0x0000000002780000, 0x0000000005510000)
 total_blobs=844 nmethods=149 adapters=646 free_code_cache=48230Kb largest_free_block=49350528

Dynamic libraries:
0x000000013f2b0000 - 0x000000013f2e3000 	C:\Program Files\Java\jre7\bin\javaw.exe
0x0000000077980000 - 0x0000000077b29000 	C:\Windows\SYSTEM32\ntdll.dll
0x00000000772a0000 - 0x00000000773bf000 	C:\Windows\system32\kernel32.dll
0x000007fefe140000 - 0x000007fefe1ac000 	C:\Windows\system32\KERNELBASE.dll
0x000007feff850000 - 0x000007feff92b000 	C:\Windows\system32\ADVAPI32.dll
0x000007fefe520000 - 0x000007fefe5bf000 	C:\Windows\system32\msvcrt.dll
0x000007feff760000 - 0x000007feff77f000 	C:\Windows\SYSTEM32\sechost.dll
0x000007fefe320000 - 0x000007fefe44d000 	C:\Windows\system32\RPCRT4.dll
0x00000000775d0000 - 0x00000000776ca000 	C:\Windows\system32\USER32.dll
0x000007fefe870000 - 0x000007fefe8d7000 	C:\Windows\system32\GDI32.dll
0x000007feffc80000 - 0x000007feffc8e000 	C:\Windows\system32\LPK.dll
0x000007feff780000 - 0x000007feff849000 	C:\Windows\system32\USP10.dll
0x000007fefc1f0000 - 0x000007fefc3e4000 	C:\Windows\WinSxS\amd64_microsoft.windows.common-controls_6595b64144ccf1df_6.0.7601.17514_none_fa396087175ac9ac\COMCTL32.dll
0x000007fefe290000 - 0x000007fefe301000 	C:\Windows\system32\SHLWAPI.dll
0x000007fefe8e0000 - 0x000007fefe90e000 	C:\Windows\system32\IMM32.DLL
0x000007feffb70000 - 0x000007feffc79000 	C:\Windows\system32\MSCTF.dll
0x0000000073570000 - 0x0000000073641000 	C:\Program Files\Java\jre7\bin\msvcr100.dll
0x000000006a170000 - 0x000000006a83e000 	C:\Program Files\Java\jre7\bin\server\jvm.dll
0x000007fef9e30000 - 0x000007fef9e39000 	C:\Windows\system32\WSOCK32.dll
0x000007fefe450000 - 0x000007fefe49d000 	C:\Windows\system32\WS2_32.dll
0x000007fefe310000 - 0x000007fefe318000 	C:\Windows\system32\NSI.dll
0x000007fef8920000 - 0x000007fef895b000 	C:\Windows\system32\WINMM.dll
0x0000000077b40000 - 0x0000000077b47000 	C:\Windows\system32\PSAPI.DLL
0x0000000073ff0000 - 0x0000000073fff000 	C:\Program Files\Java\jre7\bin\verify.dll
0x00000000739b0000 - 0x00000000739d8000 	C:\Program Files\Java\jre7\bin\java.dll
0x0000000073990000 - 0x00000000739a5000 	C:\Program Files\Java\jre7\bin\zip.dll
0x000000006d150000 - 0x000000006d2e3000 	C:\Program Files\Java\jre7\bin\awt.dll
0x000007fefe1b0000 - 0x000007fefe287000 	C:\Windows\system32\OLEAUT32.dll
0x000007fefe5c0000 - 0x000007fefe7c3000 	C:\Windows\system32\ole32.dll
0x000007fefc190000 - 0x000007fefc1e6000 	C:\Windows\system32\uxtheme.dll
0x000007fefbc50000 - 0x000007fefbc68000 	C:\Windows\system32\dwmapi.dll
0x000007fefdd10000 - 0x000007fefdd1f000 	C:\Windows\system32\CRYPTBASE.dll
0x000007fefe910000 - 0x000007feff698000 	C:\Windows\system32\SHELL32.dll
0x0000000070f70000 - 0x0000000070fa4000 	C:\Program Files\Java\jre7\bin\fontmanager.dll
0x0000000073710000 - 0x0000000073729000 	C:\Program Files\Java\jre7\bin\net.dll
0x000007fefd610000 - 0x000007fefd665000 	C:\Windows\system32\mswsock.dll
0x000007fefd600000 - 0x000007fefd607000 	C:\Windows\System32\wship6.dll
0x0000000073970000 - 0x0000000073981000 	C:\Program Files\Java\jre7\bin\nio.dll
0x000007fefd670000 - 0x000007fefd687000 	C:\Windows\system32\CRYPTSP.dll
0x000007fefd370000 - 0x000007fefd3b7000 	C:\Windows\system32\rsaenh.dll
0x000007fefd110000 - 0x000007fefd12e000 	C:\Windows\system32\USERENV.dll
0x000007fefdde0000 - 0x000007fefddef000 	C:\Windows\system32\profapi.dll
0x000007fefce00000 - 0x000007fefd001000 	C:\Program Files (x86)\Forefront TMG Client\FwcWsp64.dll
0x000007fefe000000 - 0x000007fefe03a000 	C:\Windows\system32\WINTRUST.dll
0x000007fefde90000 - 0x000007fefdff7000 	C:\Windows\system32\CRYPT32.dll
0x000007fefde80000 - 0x000007fefde8f000 	C:\Windows\system32\MSASN1.dll
0x000007fefcdf0000 - 0x000007fefcdfc000 	C:\Windows\system32\VERSION.dll
0x000007fefcdd0000 - 0x000007fefcde6000 	C:\Windows\system32\NETAPI32.dll
0x000007fefd2a0000 - 0x000007fefd2ac000 	C:\Windows\system32\netutils.dll
0x000007fefd8f0000 - 0x000007fefd913000 	C:\Windows\system32\srvcli.dll
0x000007fefcdb0000 - 0x000007fefcdc5000 	C:\Windows\system32\wkscli.dll
0x000007fefcda0000 - 0x000007fefcdac000 	C:\Windows\system32\DSROLE.DLL
0x000007fefbd80000 - 0x000007fefbd95000 	C:\Windows\system32\NLAapi.dll
0x000007fefa260000 - 0x000007fefa275000 	C:\Windows\system32\napinsp.dll
0x000007fefa280000 - 0x000007fefa299000 	C:\Windows\system32\pnrpnsp.dll
0x000007fefd490000 - 0x000007fefd4eb000 	C:\Windows\system32\DNSAPI.dll
0x000007fefa050000 - 0x000007fefa05b000 	C:\Windows\System32\winrnr.dll
0x000007fefcc70000 - 0x000007fefcd95000 	C:\Windows\system32\DBGHELP.DLL
0x0000000075220000 - 0x0000000075223000 	C:\Windows\system32\security.dll
0x000007fefda70000 - 0x000007fefda7b000 	C:\Windows\system32\SECUR32.DLL
0x000007fefdc40000 - 0x000007fefdc65000 	C:\Windows\system32\SSPICLI.DLL
0x000007fefd260000 - 0x000007fefd26a000 	C:\Windows\system32\credssp.dll
0x000007fefd5a0000 - 0x000007fefd5f1000 	C:\Windows\system32\msv1_0.DLL
0x000007fefd920000 - 0x000007fefd934000 	C:\Windows\system32\cryptdll.dll
0x000007fefcc50000 - 0x000007fefcc57000 	C:\Windows\System32\wshtcpip.dll
0x000007fefb060000 - 0x000007fefb087000 	C:\Windows\system32\IPHLPAPI.DLL
0x000007fefb020000 - 0x000007fefb02b000 	C:\Windows\system32\WINNSI.DLL
0x000007fefa980000 - 0x000007fefa988000 	C:\Windows\system32\rasadhlp.dll
0x000007fefaf50000 - 0x000007fefafa3000 	C:\Windows\System32\fwpuclnt.dll
0x000007feefc50000 - 0x000007feefe4f000 	C:\Windows\system32\d3d9.dll
0x000007fefc670000 - 0x000007fefc677000 	C:\Windows\system32\d3d8thk.dll
0x0000000072cf0000 - 0x0000000072d86000 	C:\Windows\system32\aticfx64.dll
0x000007fefacf0000 - 0x000007fefacfb000 	C:\Windows\system32\atiu9p64.dll
0x0000000064b80000 - 0x0000000065066000 	C:\Windows\system32\atiumd64.dll
0x0000000069ea0000 - 0x000000006a161000 	C:\Windows\system32\atiumd6a.dll
0x0000000070f20000 - 0x0000000070f61000 	C:\Program Files\Java\jre7\bin\t2k.dll
0x000007fef8dd0000 - 0x000007fef8e70000 	C:\Windows\WinSxS\amd64_microsoft.windows.common-controls_6595b64144ccf1df_5.82.7601.17514_none_a4d6a923711520a9\comctl32.dll
0x000007feff930000 - 0x000007feffb07000 	C:\Windows\system32\SETUPAPI.dll
0x000007fefe040000 - 0x000007fefe076000 	C:\Windows\system32\CFGMGR32.dll
0x000007fefe120000 - 0x000007fefe13a000 	C:\Windows\system32\DEVOBJ.dll
0x000007feff6a0000 - 0x000007feff739000 	C:\Windows\system32\CLBCatQ.DLL
0x000007fefc500000 - 0x000007fefc62c000 	C:\Windows\system32\propsys.dll
0x000007fefcb60000 - 0x000007fefcb8d000 	C:\Windows\system32\ntmarta.dll
0x000007feffb10000 - 0x000007feffb62000 	C:\Windows\system32\WLDAP32.dll
0x000007fefdc70000 - 0x000007fefdcc7000 	C:\Windows\system32\apphelp.dll
0x000007fef4c50000 - 0x000007fef4dec000 	C:\Windows\system32\NetworkExplorer.dll
0x000007fef58f0000 - 0x000007fef5924000 	C:\Windows\System32\shdocvw.dll
0x000007fefc630000 - 0x000007fefc63b000 	C:\Windows\system32\slc.dll
0x000007fefbae0000 - 0x000007fefbc0a000 	C:\Windows\system32\WindowsCodecs.dll
0x000007fef78f0000 - 0x000007fef78ff000 	C:\Windows\system32\AcSignIcon.dll
0x00000000710c0000 - 0x00000000715a9000 	C:\Windows\WinSxS\amd64_microsoft.vc90.mfc_1fc8b3b9a1e18e3b_9.0.30729.6161_none_044aad0bab1eb146\mfc90u.dll
0x00000000727f0000 - 0x0000000072893000 	C:\Windows\WinSxS\amd64_microsoft.vc90.crt_1fc8b3b9a1e18e3b_9.0.30729.6161_none_08e61857a83bc251\MSVCR90.dll
0x000007fefa820000 - 0x000007fefa827000 	C:\Windows\system32\MSIMG32.dll
0x00000000746f0000 - 0x00000000746fe000 	C:\Windows\WinSxS\amd64_microsoft.vc90.mfcloc_1fc8b3b9a1e18e3b_9.0.30729.6161_none_01c9581e60cbee58\MFC90RUS.DLL
0x000007fef70f0000 - 0x000007fef7125000 	C:\Windows\system32\EhStorShell.dll
0x000007fef7070000 - 0x000007fef70ee000 	C:\Windows\System32\cscui.dll
0x000007fef78e0000 - 0x000007fef78ec000 	C:\Windows\System32\CSCDLL.dll
0x000007fef87a0000 - 0x000007fef87af000 	C:\Windows\system32\CSCAPI.dll
0x000007fef6f80000 - 0x000007fef7000000 	C:\Windows\system32\ntshrui.dll
0x000007fef79d0000 - 0x000007fef79e8000 	C:\Windows\system32\MPR.dll
0x000007fefc680000 - 0x000007fefc68a000 	C:\Windows\System32\drprov.dll
0x000007fefdcd0000 - 0x000007fefdd0d000 	C:\Windows\System32\WINSTA.dll
0x000007fef6a90000 - 0x000007fef6ab2000 	C:\Windows\System32\ntlanman.dll
0x000007fefa8d0000 - 0x000007fefa8ec000 	C:\Windows\System32\davclnt.dll
0x000007fefc640000 - 0x000007fefc64a000 	C:\Windows\System32\DAVHLPR.dll
0x000007feef9d0000 - 0x000007feefc41000 	C:\Windows\system32\wpdshext.dll
0x000007fefbf70000 - 0x000007fefc185000 	C:\Windows\WinSxS\amd64_microsoft.windows.gdiplus_6595b64144ccf1df_1.1.7601.17514_none_2b24536c71ed437a\gdiplus.dll
0x000007fef7ec0000 - 0x000007fef7f7d000 	C:\Windows\system32\PortableDeviceApi.dll
0x000007fef6a60000 - 0x000007fef6a87000 	C:\Windows\system32\EhStorAPI.dll
0x000007fef7050000 - 0x000007fef705c000 	C:\Windows\system32\LINKINFO.dll
0x0000000010000000 - 0x000000001005a000 	D:\Users\BamkinA\git\jr-test\jni\win64\jogl.dll
0x000007fef4810000 - 0x000007fef492d000 	C:\Windows\system32\OPENGL32.dll
0x000007fef47e0000 - 0x000007fef480d000 	C:\Windows\system32\GLU32.dll
0x000007fef46e0000 - 0x000007fef47d1000 	C:\Windows\system32\DDRAW.dll
0x000007fef6340000 - 0x000007fef6348000 	C:\Windows\system32\DCIMAN32.dll
0x00000000704b0000 - 0x0000000070579000 	C:\Windows\WinSxS\amd64_microsoft.vc80.crt_1fc8b3b9a1e18e3b_8.0.50727.4940_none_88df89932faf0bf6\MSVCR80.dll
0x0000000070ef0000 - 0x0000000070f20000 	C:\Program Files\Java\jre7\bin\jpeg.dll

VM Arguments:
jvm_args: -Djava.library.path=D:\Users\BamkinA\git\jr-test\jni\linux64 -Dfile.encoding=Cp1251 
java_command: de.jreality.tutorial.geom.GeometryMergeExample
Launcher Type: SUN_STANDARD

Environment Variables:
PATH=C:\Windows\system32;C:\Windows;C:\Windows\System32\Wbem;C:\Windows\System32\WindowsPowerShell\v1.0\;C:\Program Files\Java\jre6\bin\;C:\Program Files\SlikSvn\bin
USERNAME=BamkinA
OS=Windows_NT
PROCESSOR_IDENTIFIER=Intel64 Family 6 Model 42 Stepping 7, GenuineIntel



---------------  S Y S T E M  ---------------

OS: Windows 7 , 64 bit Build 7601 Service Pack 1

CPU:total 4 (4 cores per cpu, 1 threads per core) family 6 model 42 stepping 7, cmov, cx8, fxsr, mmx, sse, sse2, sse3, ssse3, sse4.1, sse4.2, popcnt

Memory: 4k page, physical 4170612k(2183528k free), swap 8339376k(6121484k free)

vm_info: Java HotSpot(TM) 64-Bit Server VM (21.0-b17) for windows-amd64 JRE (1.7.0-b147), built on Jun 27 2011 02:19:45 by "java_re" with unknown MS VC++:1600

time: Wed Nov 16 18:24:27 2011
elapsed time: 1 seconds

