#
# A fatal error has been detected by the Java Runtime Environment:
#
#  EXCEPTION_ACCESS_VIOLATION (0xc0000005) at pc=0x000000000245fca6, pid=4600, tid=4580
#
# JRE version: 7.0-b147
# Java VM: Java HotSpot(TM) 64-Bit Server VM (21.0-b17 mixed mode windows-amd64 compressed oops)
# Problematic frame:
# j  com.sun.java.swing.plaf.windows.WindowsFileChooserUI$WindowsFileChooserUIAccessor.getFileChooser()Ljavax/swing/JFileChooser;+0
#
# Failed to write core dump. Minidumps are not enabled by default on client versions of Windows
#
# If you would like to submit a bug report, please visit:
#   http://bugreport.sun.com/bugreport/crash.jsp
#

---------------  T H R E A D  ---------------

Current thread (0x000000000226b800):  JavaThread "main" [_thread_in_Java, id=4580, stack(0x00000000022b0000,0x00000000023b0000)]

siginfo: ExceptionCode=0xc0000005, writing address 0x00000048bc08e808

Registers:
RAX=0x00000000023aeda8, RBX=0x0000004800000028, RCX=0x00000000bc08e7e0, RDX=0x0000000000000000
RSP=0x00000000023aedb8, RBP=0x00000000023aede8, RSI=0x0000000000000000, RDI=0x00000000024461b4
R8 =0x000000000000000c, R9 =0x00000000000000db, R10=0x000000006d4eb8f0, R11=0x0000000070800000
R12=0x0000000000000000, R13=0x00000000bc08e7e0, R14=0x00000000023aedf8, R15=0x000000000226b800
RIP=0x000000000245fca6, EFLAGS=0x0000000000010203

Top of Stack: (sp=0x00000000023aedb8)
0x00000000023aedb8:   00000000023aedf8 00000000bc08f540
0x00000000023aedc8:   0000000000000000 00000000bc08e7e8
0x00000000023aedd8:   0000000000000000 00000000023aedf8
0x00000000023aede8:   00000000023aee48 0000000002446213
0x00000000023aedf8:   00000000ead64f98 00000000ead424c0
0x00000000023aee08:   00000000023aee08 00000000bc08f06d
0x00000000023aee18:   00000000023aee58 00000000bc08f540
0x00000000023aee28:   0000000000000000 00000000bc08f078
0x00000000023aee38:   00000000023aedf8 00000000023aee58
0x00000000023aee48:   00000000023aeea0 00000000024468c1
0x00000000023aee58:   00000000ead64f98 00000000023aee60
0x00000000023aee68:   00000000bc084d54 00000000023aeeb0
0x00000000023aee78:   00000000bc089e80 0000000000000000
0x00000000023aee88:   00000000bc084d60 00000000023aee58
0x00000000023aee98:   00000000023aeeb0 00000000023aef00
0x00000000023aeea8:   0000000002446213 00000000ead64cd8 

Instructions: (pc=0x000000000245fca6)
0x000000000245fc86:   08 41 0f b7 5d 01 48 8b 4d d8 c1 e3 02 8b 54 d9
0x000000000245fc96:   38 48 8b 5c d9 30 c1 ea 19 83 e2 01 59 48 3b 01
0x000000000245fca6:   66 89 04 19 85 d2 0f 84 05 00 00 00 f0 83 04 24
0x000000000245fcb6:   00 41 0f b6 5d 03 49 83 c5 03 49 ba f0 b8 4e 6d 


Register to memory mapping:

RAX=0x00000000023aeda8 is pointing into the stack for thread: 0x000000000226b800
RBX=0x0000004800000028 is an unknown value
RCX=
[error occurred during error reporting (printing register info), id 0xc0000005]

Stack: [0x00000000022b0000,0x00000000023b0000],  sp=0x00000000023aedb8,  free space=1019k
Native frames: (J=compiled Java code, j=interpreted, Vv=VM code, C=native code)
j  com.sun.java.swing.plaf.windows.WindowsFileChooserUI$WindowsFileChooserUIAccessor.getFileChooser()Ljavax/swing/JFileChooser;+0
j  com.sun.java.swing.plaf.windows.WindowsFileChooserUI$WindowsFileChooserUIAccessor.createListSelectionListener()Ljavax/swing/event/ListSelectionListener;+5
j  sun.swing.FilePane.createListSelectionListener()Ljavax/swing/event/ListSelectionListener;+4
j  sun.swing.FilePane.createList()Ljavax/swing/JPanel;+133
j  com.sun.java.swing.plaf.windows.WindowsFileChooserUI.createList(Ljavax/swing/JFileChooser;)Ljavax/swing/JPanel;+4
j  com.sun.java.swing.plaf.windows.WindowsFileChooserUI$WindowsFileChooserUIAccessor.createList()Ljavax/swing/JPanel;+8
j  sun.swing.FilePane.setViewType(I)V+65
j  sun.swing.FilePane.propertyChange(Ljava/beans/PropertyChangeEvent;)V+10
j  java.beans.PropertyChangeSupport.fire([Ljava/beans/PropertyChangeListener;Ljava/beans/PropertyChangeEvent;)V+27
j  java.beans.PropertyChangeSupport.firePropertyChange(Ljava/beans/PropertyChangeEvent;)V+71
j  java.beans.PropertyChangeSupport.firePropertyChange(Ljava/lang/String;Ljava/lang/Object;Ljava/lang/Object;)V+31
j  java.awt.Component.firePropertyChange(Ljava/lang/String;Ljava/lang/Object;Ljava/lang/Object;)V+55
j  javax.swing.JComponent.setBorder(Ljavax/swing/border/Border;)V+15
j  com.sun.java.swing.plaf.windows.WindowsFileChooserUI.installComponents(Ljavax/swing/JFileChooser;)V+48
j  javax.swing.plaf.basic.BasicFileChooserUI.installUI(Ljavax/swing/JComponent;)V+47
j  com.sun.java.swing.plaf.windows.WindowsFileChooserUI.installUI(Ljavax/swing/JComponent;)V+2
j  javax.swing.JComponent.setUI(Ljavax/swing/plaf/ComponentUI;)V+39
j  javax.swing.JFileChooser.updateUI()V+40
j  javax.swing.JFileChooser.setup(Ljavax/swing/filechooser/FileSystemView;)V+18
j  javax.swing.JFileChooser.<init>(Ljava/io/File;Ljavax/swing/filechooser/FileSystemView;)V+123
j  javax.swing.JFileChooser.<init>()V+9
j  de.jreality.plugin.basic.PropertiesMenu.<init>()V+60
j  de.jreality.plugin.JRViewer.addBasicUI()V+120
j  de.jreality.plugin.JRViewer.display(Lde/jreality/scene/SceneGraphNode;)Lde/jreality/scene/Viewer;+71
j  de.jreality.tutorial.geom.GeometryMergeExample.main([Ljava/lang/String;)V+330
v  ~StubRoutines::call_stub
V  [jvm.dll+0x1a4446]


---------------  P R O C E S S  ---------------

Java Threads: ( => current thread )
  0x00000000087ab000 JavaThread "Swing-Shell" daemon [_thread_blocked, id=4684, stack(0x0000000007a40000,0x0000000007b40000)]
  0x0000000008790000 JavaThread "Image Fetcher 0" daemon [_thread_blocked, id=4732, stack(0x000000000bae0000,0x000000000bbe0000)]
  0x00000000072fe000 JavaThread "AWT-EventQueue-0" [_thread_blocked, id=4848, stack(0x0000000009760000,0x0000000009860000)]
  0x0000000007146800 JavaThread "AWT-Windows" daemon [_thread_in_native, id=2196, stack(0x00000000078e0000,0x00000000079e0000)]
  0x00000000071d1000 JavaThread "AWT-Shutdown" [_thread_blocked, id=4972, stack(0x00000000077c0000,0x00000000078c0000)]
  0x00000000071d9000 JavaThread "Java2D Disposer" daemon [_thread_blocked, id=4988, stack(0x00000000074f0000,0x00000000075f0000)]
  0x0000000006023800 JavaThread "Service Thread" daemon [_thread_blocked, id=4612, stack(0x0000000006e30000,0x0000000006f30000)]
  0x000000000601a800 JavaThread "C2 CompilerThread1" daemon [_thread_blocked, id=3812, stack(0x00000000066c0000,0x00000000067c0000)]
  0x0000000006019000 JavaThread "C2 CompilerThread0" daemon [_thread_blocked, id=4796, stack(0x0000000006b90000,0x0000000006c90000)]
  0x000000000600e000 JavaThread "Attach Listener" daemon [_thread_blocked, id=5072, stack(0x00000000064a0000,0x00000000065a0000)]
  0x0000000006008800 JavaThread "Signal Dispatcher" daemon [_thread_blocked, id=3168, stack(0x0000000006a20000,0x0000000006b20000)]
  0x0000000002163800 JavaThread "Finalizer" daemon [_thread_blocked, id=1020, stack(0x00000000068f0000,0x00000000069f0000)]
  0x000000000215c000 JavaThread "Reference Handler" daemon [_thread_blocked, id=2556, stack(0x00000000067d0000,0x00000000068d0000)]
=>0x000000000226b800 JavaThread "main" [_thread_in_Java, id=4580, stack(0x00000000022b0000,0x00000000023b0000)]

Other Threads:
  0x0000000002155000 VMThread [stack: 0x00000000065c0000,0x00000000066c0000] [id=4168]
  0x000000000602c000 WatcherThread [stack: 0x0000000006c90000,0x0000000006d90000] [id=2104]

VM state:not at safepoint (normal execution)

VM Mutex/Monitor currently owned by a thread: None

Heap
 PSYoungGen      total 19008K, used 4648K [0x00000000eac00000, 0x00000000ec130000, 0x0000000100000000)
  eden space 16320K, 12% used [0x00000000eac00000,0x00000000eadeb248,0x00000000ebbf0000)
  from space 2688K, 99% used [0x00000000ebbf0000,0x00000000ebe8f158,0x00000000ebe90000)
  to   space 2688K, 0% used [0x00000000ebe90000,0x00000000ebe90000,0x00000000ec130000)
 PSOldGen        total 43520K, used 73K [0x00000000c0400000, 0x00000000c2e80000, 0x00000000eac00000)
  object space 43520K, 0% used [0x00000000c0400000,0x00000000c04125c8,0x00000000c2e80000)
 PSPermGen       total 21248K, used 15061K [0x00000000bb200000, 0x00000000bc6c0000, 0x00000000c0400000)
  object space 21248K, 70% used [0x00000000bb200000,0x00000000bc0b57f0,0x00000000bc6c0000)

Code Cache  [0x0000000002440000, 0x00000000026b0000, 0x0000000005440000)
 total_blobs=496 nmethods=46 adapters=401 free_code_cache=48546Kb largest_free_block=49689536

Dynamic libraries:
0x000000013ffa0000 - 0x000000013ffd3000 	C:\Program Files\Java\jre7\bin\javaw.exe
0x0000000077980000 - 0x0000000077b29000 	C:\Windows\SYSTEM32\ntdll.dll
0x00000000772a0000 - 0x00000000773bf000 	C:\Windows\system32\kernel32.dll
0x000007fefe140000 - 0x000007fefe1ac000 	C:\Windows\system32\KERNELBASE.dll
0x000007feff850000 - 0x000007feff92b000 	C:\Windows\system32\ADVAPI32.dll
0x000007fefe520000 - 0x000007fefe5bf000 	C:\Windows\system32\msvcrt.dll
0x000007feff760000 - 0x000007feff77f000 	C:\Windows\SYSTEM32\sechost.dll
0x000007fefe320000 - 0x000007fefe44d000 	C:\Windows\system32\RPCRT4.dll
0x00000000775d0000 - 0x00000000776ca000 	C:\Windows\system32\USER32.dll
0x000007fefe870000 - 0x000007fefe8d7000 	C:\Windows\system32\GDI32.dll
0x000007feffc80000 - 0x000007feffc8e000 	C:\Windows\system32\LPK.dll
0x000007feff780000 - 0x000007feff849000 	C:\Windows\system32\USP10.dll
0x000007fefc1f0000 - 0x000007fefc3e4000 	C:\Windows\WinSxS\amd64_microsoft.windows.common-controls_6595b64144ccf1df_6.0.7601.17514_none_fa396087175ac9ac\COMCTL32.dll
0x000007fefe290000 - 0x000007fefe301000 	C:\Windows\system32\SHLWAPI.dll
0x000007fefe8e0000 - 0x000007fefe90e000 	C:\Windows\system32\IMM32.DLL
0x000007feffb70000 - 0x000007feffc79000 	C:\Windows\system32\MSCTF.dll
0x0000000073570000 - 0x0000000073641000 	C:\Program Files\Java\jre7\bin\msvcr100.dll
0x000000006ce90000 - 0x000000006d55e000 	C:\Program Files\Java\jre7\bin\server\jvm.dll
0x000007fef9e30000 - 0x000007fef9e39000 	C:\Windows\system32\WSOCK32.dll
0x000007fefe450000 - 0x000007fefe49d000 	C:\Windows\system32\WS2_32.dll
0x000007fefe310000 - 0x000007fefe318000 	C:\Windows\system32\NSI.dll
0x000007fef8920000 - 0x000007fef895b000 	C:\Windows\system32\WINMM.dll
0x0000000077b40000 - 0x0000000077b47000 	C:\Windows\system32\PSAPI.DLL
0x00000000739d0000 - 0x00000000739df000 	C:\Program Files\Java\jre7\bin\verify.dll
0x00000000739a0000 - 0x00000000739c8000 	C:\Program Files\Java\jre7\bin\java.dll
0x0000000073980000 - 0x0000000073995000 	C:\Program Files\Java\jre7\bin\zip.dll
0x0000000066e40000 - 0x0000000066fd3000 	C:\Program Files\Java\jre7\bin\awt.dll
0x000007fefe1b0000 - 0x000007fefe287000 	C:\Windows\system32\OLEAUT32.dll
0x000007fefe5c0000 - 0x000007fefe7c3000 	C:\Windows\system32\ole32.dll
0x000007fefc190000 - 0x000007fefc1e6000 	C:\Windows\system32\uxtheme.dll
0x000007fefbc50000 - 0x000007fefbc68000 	C:\Windows\system32\dwmapi.dll
0x000007fefdd10000 - 0x000007fefdd1f000 	C:\Windows\system32\CRYPTBASE.dll
0x000007fefe910000 - 0x000007feff698000 	C:\Windows\system32\SHELL32.dll
0x0000000070fa0000 - 0x0000000070fd4000 	C:\Program Files\Java\jre7\bin\fontmanager.dll
0x0000000073960000 - 0x0000000073979000 	C:\Program Files\Java\jre7\bin\net.dll
0x000007fefd610000 - 0x000007fefd665000 	C:\Windows\system32\mswsock.dll
0x000007fefd600000 - 0x000007fefd607000 	C:\Windows\System32\wship6.dll
0x0000000073710000 - 0x0000000073721000 	C:\Program Files\Java\jre7\bin\nio.dll
0x000007fefd670000 - 0x000007fefd687000 	C:\Windows\system32\CRYPTSP.dll
0x000007fefd370000 - 0x000007fefd3b7000 	C:\Windows\system32\rsaenh.dll
0x000007fefd110000 - 0x000007fefd12e000 	C:\Windows\system32\USERENV.dll
0x000007fefdde0000 - 0x000007fefddef000 	C:\Windows\system32\profapi.dll
0x000007fefce00000 - 0x000007fefd001000 	C:\Program Files (x86)\Forefront TMG Client\FwcWsp64.dll
0x000007fefe000000 - 0x000007fefe03a000 	C:\Windows\system32\WINTRUST.dll
0x000007fefde90000 - 0x000007fefdff7000 	C:\Windows\system32\CRYPT32.dll
0x000007fefde80000 - 0x000007fefde8f000 	C:\Windows\system32\MSASN1.dll
0x000007fefcdf0000 - 0x000007fefcdfc000 	C:\Windows\system32\VERSION.dll
0x000007fefcdd0000 - 0x000007fefcde6000 	C:\Windows\system32\NETAPI32.dll
0x000007fefd2a0000 - 0x000007fefd2ac000 	C:\Windows\system32\netutils.dll
0x000007fefd8f0000 - 0x000007fefd913000 	C:\Windows\system32\srvcli.dll
0x000007fefcdb0000 - 0x000007fefcdc5000 	C:\Windows\system32\wkscli.dll
0x000007fefcda0000 - 0x000007fefcdac000 	C:\Windows\system32\DSROLE.DLL
0x000007fefbd80000 - 0x000007fefbd95000 	C:\Windows\system32\NLAapi.dll
0x000007fefa260000 - 0x000007fefa275000 	C:\Windows\system32\napinsp.dll
0x000007fefa280000 - 0x000007fefa299000 	C:\Windows\system32\pnrpnsp.dll
0x000007fefd490000 - 0x000007fefd4eb000 	C:\Windows\system32\DNSAPI.dll
0x000007fefa050000 - 0x000007fefa05b000 	C:\Windows\System32\winrnr.dll
0x000007fefcc70000 - 0x000007fefcd95000 	C:\Windows\system32\DBGHELP.DLL
0x0000000075220000 - 0x0000000075223000 	C:\Windows\system32\security.dll
0x000007fefda70000 - 0x000007fefda7b000 	C:\Windows\system32\SECUR32.DLL
0x000007fefdc40000 - 0x000007fefdc65000 	C:\Windows\system32\SSPICLI.DLL
0x000007fefd260000 - 0x000007fefd26a000 	C:\Windows\system32\credssp.dll
0x000007fefd5a0000 - 0x000007fefd5f1000 	C:\Windows\system32\msv1_0.DLL
0x000007fefd920000 - 0x000007fefd934000 	C:\Windows\system32\cryptdll.dll
0x000007fefcc50000 - 0x000007fefcc57000 	C:\Windows\System32\wshtcpip.dll
0x000007fefb060000 - 0x000007fefb087000 	C:\Windows\system32\IPHLPAPI.DLL
0x000007fefb020000 - 0x000007fefb02b000 	C:\Windows\system32\WINNSI.DLL
0x000007fefa980000 - 0x000007fefa988000 	C:\Windows\system32\rasadhlp.dll
0x000007fefaf50000 - 0x000007fefafa3000 	C:\Windows\System32\fwpuclnt.dll
0x000007fef00e0000 - 0x000007fef02df000 	C:\Windows\system32\d3d9.dll
0x000007fefad10000 - 0x000007fefad17000 	C:\Windows\system32\d3d8thk.dll
0x0000000072cf0000 - 0x0000000072d86000 	C:\Windows\system32\aticfx64.dll
0x000007fefacf0000 - 0x000007fefacfb000 	C:\Windows\system32\atiu9p64.dll
0x0000000066950000 - 0x0000000066e36000 	C:\Windows\system32\atiumd64.dll
0x0000000066680000 - 0x0000000066941000 	C:\Windows\system32\atiumd6a.dll
0x0000000070f50000 - 0x0000000070f91000 	C:\Program Files\Java\jre7\bin\t2k.dll
0x000007fef8dd0000 - 0x000007fef8e70000 	C:\Windows\WinSxS\amd64_microsoft.windows.common-controls_6595b64144ccf1df_5.82.7601.17514_none_a4d6a923711520a9\comctl32.dll

VM Arguments:
jvm_args: -Djava.library.path=D:\Users\BamkinA\git\jr-test\jni\linux64 -Dfile.encoding=Cp1251 
java_command: de.jreality.tutorial.geom.GeometryMergeExample
Launcher Type: SUN_STANDARD

Environment Variables:
PATH=C:\Windows\system32;C:\Windows;C:\Windows\System32\Wbem;C:\Windows\System32\WindowsPowerShell\v1.0\;C:\Program Files\Java\jre6\bin\;C:\Program Files\SlikSvn\bin
USERNAME=BamkinA
OS=Windows_NT
PROCESSOR_IDENTIFIER=Intel64 Family 6 Model 42 Stepping 7, GenuineIntel



---------------  S Y S T E M  ---------------

OS: Windows 7 , 64 bit Build 7601 Service Pack 1

CPU:total 4 (4 cores per cpu, 1 threads per core) family 6 model 42 stepping 7, cmov, cx8, fxsr, mmx, sse, sse2, sse3, ssse3, sse4.1, sse4.2, popcnt

Memory: 4k page, physical 4170612k(2359472k free), swap 8339376k(6280296k free)

vm_info: Java HotSpot(TM) 64-Bit Server VM (21.0-b17) for windows-amd64 JRE (1.7.0-b147), built on Jun 27 2011 02:19:45 by "java_re" with unknown MS VC++:1600

time: Wed Nov 16 17:42:08 2011
elapsed time: 0 seconds

