#
# A fatal error has been detected by the Java Runtime Environment:
#
#  EXCEPTION_ACCESS_VIOLATION (0xc0000005) at pc=0x000000006a654528, pid=4224, tid=4156
#
# JRE version: 7.0-b147
# Java VM: Java HotSpot(TM) 64-Bit Server VM (21.0-b17 mixed mode windows-amd64 compressed oops)
# Problematic frame:
# V  [jvm.dll+0x4e4528]
#
# Failed to write core dump. Minidumps are not enabled by default on client versions of Windows
#
# If you would like to submit a bug report, please visit:
#   http://bugreport.sun.com/bugreport/crash.jsp
#

---------------  T H R E A D  ---------------

Current thread (0x000000000221f800):  GCTaskThread [stack: 0x00000000058d0000,0x00000000059d0000] [id=4156]

siginfo: ExceptionCode=0xc0000005, ExceptionInformation=0x0000000000000008 0x000000006a654528

Registers:
RAX=0x00000000bb200320, RBX=0x00000000eb54ece8, RCX=0x00000000bb200d10, RDX=0x00000000022c6970
RSP=0x00000000059cf868, RBP=0x000000000d4ca8a5, RSI=0x00000000022c6970, RDI=0x0000000000000001
R8 =0x00000000eb54ece8, R9 =0x0000000000000000, R10=0x0000000000000000, R11=0x000000006a679a58
R12=0x000000000221ed10, R13=0x0000000000000001, R14=0x0000000000000001, R15=0x00000000022200f8
RIP=0x000000006a654528, EFLAGS=0x0000000000010a87

Top of Stack: (sp=0x00000000059cf868)
0x00000000059cf868:   000000006a4ac4b8 000000000d4ca8a5
0x00000000059cf878:   000000000d4ca8a5 00000000022c6970
0x00000000059cf888:   0000000000000001 0000000000000000
0x00000000059cf898:   000000006a4ac7eb 00000000eb54ece8
0x00000000059cf8a8:   00000000022c6970 00000000022c6970
0x00000000059cf8b8:   000000000200ffff 00000000026a81e0
0x00000000059cf8c8:   00000000026a81e0 00000000c0ba7e68
0x00000000059cf8d8:   0000000000000400 0000000000000000
0x00000000059cf8e8:   000000000221fd01 000000000221ed10
0x00000000059cf8f8:   000000006a4ac940 00000000c0ba8f3c
0x00000000059cf908:   0000000000000000 00000000022c6970
0x00000000059cf918:   0000000009a3ae30 00000000c0ba8f3c
0x00000000059cf928:   000000006a4ad332 000000000221fd10
0x00000000059cf938:   000000006a485ef3 00000000c0b9e928
0x00000000059cf948:   000000006a4ac84e 00000000eb561048
0x00000000059cf958:   00000000022c6970 000008a0000001b4 

Instructions: (pc=0x000000006a654528)
0x000000006a654508:   00 00 00 00 00 00 00 00 47 65 6e 65 73 69 73 00
0x000000006a654518:   00 00 00 00 00 00 00 00 d0 dc 6f 6a 00 00 00 00
0x000000006a654528:   a0 7e 4d 6a 00 00 00 00 10 66 21 6a 00 00 00 00
0x000000006a654538:   30 83 21 6a 00 00 00 00 00 83 21 6a 00 00 00 00 


Register to memory mapping:

RAX=0x00000000bb200320 is an oop
{other class} 
 - klass: {other class}
RBX=0x00000000eb54ece8 is an unknown value
RCX=0x00000000bb200d10 is an oop
{type array class} 
 - klass: {other class}
RDX=0x00000000022c6970 is an unknown value
RSP=0x00000000059cf868 is an unknown value
RBP=0x000000000d4ca8a5 is an unknown value
RSI=0x00000000022c6970 is an unknown value
RDI=0x0000000000000001 is an unknown value
R8 =0x00000000eb54ece8 is an unknown value
R9 =0x0000000000000000 is an unknown value
R10=0x0000000000000000 is an unknown value
R11=0x000000006a679a58 is an unknown value
R12=0x000000000221ed10 is an unknown value
R13=0x0000000000000001 is an unknown value
R14=0x0000000000000001 is an unknown value
R15=0x00000000022200f8 is an unknown value


Stack: [0x00000000058d0000,0x00000000059d0000],  sp=0x00000000059cf868,  free space=1022k
Native frames: (J=compiled Java code, j=interpreted, Vv=VM code, C=native code)
V  [jvm.dll+0x4e4528]


---------------  P R O C E S S  ---------------

Java Threads: ( => current thread )
  0x00000000075c2800 JavaThread "D3D Screen Updater" daemon [_thread_blocked, id=4204, stack(0x000000000e890000,0x000000000e990000)]
  0x00000000075c1800 JavaThread "TimerQueue" daemon [_thread_blocked, id=4992, stack(0x000000000e630000,0x000000000e730000)]
  0x00000000075c3000 JavaThread "jReality render thread" [_thread_blocked, id=4392, stack(0x000000000e440000,0x000000000e540000)]
  0x00000000075c1000 JavaThread "Swing-Shell" daemon [_thread_blocked, id=3168, stack(0x000000000c440000,0x000000000c540000)]
  0x00000000075c0000 JavaThread "Image Fetcher 0" daemon [_thread_blocked, id=928, stack(0x000000000c250000,0x000000000c350000)]
  0x00000000075bf800 JavaThread "AWT-EventQueue-0" [_thread_blocked, id=4144, stack(0x0000000008ef0000,0x0000000008ff0000)]
  0x00000000075be800 JavaThread "AWT-Windows" daemon [_thread_in_native, id=1848, stack(0x0000000007d20000,0x0000000007e20000)]
  0x00000000075be000 JavaThread "AWT-Shutdown" [_thread_blocked, id=2988, stack(0x0000000007b90000,0x0000000007c90000)]
  0x00000000075bd000 JavaThread "Java2D Disposer" daemon [_thread_blocked, id=4196, stack(0x00000000079c0000,0x0000000007ac0000)]
  0x0000000006142800 JavaThread "Service Thread" daemon [_thread_blocked, id=4880, stack(0x0000000006e10000,0x0000000006f10000)]
  0x0000000006139800 JavaThread "C2 CompilerThread1" daemon [_thread_blocked, id=4252, stack(0x00000000071a0000,0x00000000072a0000)]
  0x0000000006134800 JavaThread "C2 CompilerThread0" daemon [_thread_blocked, id=4100, stack(0x0000000006f50000,0x0000000007050000)]
  0x0000000006131000 JavaThread "Attach Listener" daemon [_thread_blocked, id=4744, stack(0x0000000006b70000,0x0000000006c70000)]
  0x000000000612b800 JavaThread "Signal Dispatcher" daemon [_thread_blocked, id=3696, stack(0x0000000006cd0000,0x0000000006dd0000)]
  0x00000000022d7000 JavaThread "Finalizer" daemon [_thread_blocked, id=2140, stack(0x0000000006a40000,0x0000000006b40000)]
  0x00000000022cf800 JavaThread "Reference Handler" daemon [_thread_blocked, id=4832, stack(0x0000000006870000,0x0000000006970000)]
  0x00000000021db800 JavaThread "main" [_thread_blocked, id=1892, stack(0x0000000002530000,0x0000000002630000)]

Other Threads:
  0x00000000022c9000 VMThread [stack: 0x00000000066c0000,0x00000000067c0000] [id=4104]
  0x000000000614b000 WatcherThread [stack: 0x0000000007360000,0x0000000007460000] [id=3108]

=>0x000000000221f800 (exited) GCTaskThread [stack: 0x00000000058d0000,0x00000000059d0000] [id=4156]

VM state:at safepoint (normal execution)

VM Mutex/Monitor currently owned by a thread:  ([mutex/lock_event])
[0x00000000021d98a0] Threads_lock - owner thread: 0x00000000022c9000
[0x00000000021d9da0] Heap_lock - owner thread: 0x00000000075bf800

Heap
 PSYoungGen      total 19008K, used 18999K [0x00000000eac00000, 0x00000000ec130000, 0x0000000100000000)
  eden space 16320K, 100% used [0x00000000eac00000,0x00000000ebbf0000,0x00000000ebbf0000)
  from space 2688K, 99% used [0x00000000ebbf0000,0x00000000ebe8de00,0x00000000ebe90000)
  to   space 2688K, 99% used [0x00000000ebe90000,0x00000000ec12c030,0x00000000ec130000)
 PSOldGen        total 696320K, used 7937K [0x00000000c0400000, 0x00000000eac00000, 0x00000000eac00000)
  object space 696320K, 1% used [0x00000000c0400000,0x00000000c0bc0560,0x00000000eac00000)
 PSPermGen       total 28160K, used 28111K [0x00000000bb200000, 0x00000000bcd80000, 0x00000000c0400000)
  object space 28160K, 99% used [0x00000000bb200000,0x00000000bcd73c18,0x00000000bcd80000)

Code Cache  [0x0000000002630000, 0x00000000028a0000, 0x0000000005630000)
 total_blobs=962 nmethods=238 adapters=675 free_code_cache=47987Kb largest_free_block=49105152

Dynamic libraries:
0x000000013fdc0000 - 0x000000013fdf3000 	C:\Program Files\Java\jre7\bin\javaw.exe
0x0000000077980000 - 0x0000000077b29000 	C:\Windows\SYSTEM32\ntdll.dll
0x00000000772a0000 - 0x00000000773bf000 	C:\Windows\system32\kernel32.dll
0x000007fefe140000 - 0x000007fefe1ac000 	C:\Windows\system32\KERNELBASE.dll
0x000007feff850000 - 0x000007feff92b000 	C:\Windows\system32\ADVAPI32.dll
0x000007fefe520000 - 0x000007fefe5bf000 	C:\Windows\system32\msvcrt.dll
0x000007feff760000 - 0x000007feff77f000 	C:\Windows\SYSTEM32\sechost.dll
0x000007fefe320000 - 0x000007fefe44d000 	C:\Windows\system32\RPCRT4.dll
0x00000000775d0000 - 0x00000000776ca000 	C:\Windows\system32\USER32.dll
0x000007fefe870000 - 0x000007fefe8d7000 	C:\Windows\system32\GDI32.dll
0x000007feffc80000 - 0x000007feffc8e000 	C:\Windows\system32\LPK.dll
0x000007feff780000 - 0x000007feff849000 	C:\Windows\system32\USP10.dll
0x000007fefc1f0000 - 0x000007fefc3e4000 	C:\Windows\WinSxS\amd64_microsoft.windows.common-controls_6595b64144ccf1df_6.0.7601.17514_none_fa396087175ac9ac\COMCTL32.dll
0x000007fefe290000 - 0x000007fefe301000 	C:\Windows\system32\SHLWAPI.dll
0x000007fefe8e0000 - 0x000007fefe90e000 	C:\Windows\system32\IMM32.DLL
0x000007feffb70000 - 0x000007feffc79000 	C:\Windows\system32\MSCTF.dll
0x0000000073570000 - 0x0000000073641000 	C:\Program Files\Java\jre7\bin\msvcr100.dll
0x000000006a170000 - 0x000000006a83e000 	C:\Program Files\Java\jre7\bin\server\jvm.dll
0x000007fef9e30000 - 0x000007fef9e39000 	C:\Windows\system32\WSOCK32.dll
0x000007fefe450000 - 0x000007fefe49d000 	C:\Windows\system32\WS2_32.dll
0x000007fefe310000 - 0x000007fefe318000 	C:\Windows\system32\NSI.dll
0x000007fef8920000 - 0x000007fef895b000 	C:\Windows\system32\WINMM.dll
0x0000000077b40000 - 0x0000000077b47000 	C:\Windows\system32\PSAPI.DLL
0x0000000073ff0000 - 0x0000000073fff000 	C:\Program Files\Java\jre7\bin\verify.dll
0x00000000739b0000 - 0x00000000739d8000 	C:\Program Files\Java\jre7\bin\java.dll
0x0000000073990000 - 0x00000000739a5000 	C:\Program Files\Java\jre7\bin\zip.dll
0x0000000070e10000 - 0x0000000070fa3000 	C:\Program Files\Java\jre7\bin\awt.dll
0x000007fefe1b0000 - 0x000007fefe287000 	C:\Windows\system32\OLEAUT32.dll
0x000007fefe5c0000 - 0x000007fefe7c3000 	C:\Windows\system32\ole32.dll
0x000007fefc190000 - 0x000007fefc1e6000 	C:\Windows\system32\uxtheme.dll
0x000007fefbc50000 - 0x000007fefbc68000 	C:\Windows\system32\dwmapi.dll
0x000007fefdd10000 - 0x000007fefdd1f000 	C:\Windows\system32\CRYPTBASE.dll
0x000007fefe910000 - 0x000007feff698000 	C:\Windows\system32\SHELL32.dll
0x0000000070dd0000 - 0x0000000070e04000 	C:\Program Files\Java\jre7\bin\fontmanager.dll
0x0000000073710000 - 0x0000000073729000 	C:\Program Files\Java\jre7\bin\net.dll
0x000007fefd610000 - 0x000007fefd665000 	C:\Windows\system32\mswsock.dll
0x000007fefd600000 - 0x000007fefd607000 	C:\Windows\System32\wship6.dll
0x0000000073970000 - 0x0000000073981000 	C:\Program Files\Java\jre7\bin\nio.dll
0x000007fefd670000 - 0x000007fefd687000 	C:\Windows\system32\CRYPTSP.dll
0x000007fefd370000 - 0x000007fefd3b7000 	C:\Windows\system32\rsaenh.dll
0x000007fefd110000 - 0x000007fefd12e000 	C:\Windows\system32\USERENV.dll
0x000007fefdde0000 - 0x000007fefddef000 	C:\Windows\system32\profapi.dll
0x000007fefce00000 - 0x000007fefd001000 	C:\Program Files (x86)\Forefront TMG Client\FwcWsp64.dll
0x000007fefe000000 - 0x000007fefe03a000 	C:\Windows\system32\WINTRUST.dll
0x000007fefde90000 - 0x000007fefdff7000 	C:\Windows\system32\CRYPT32.dll
0x000007fefde80000 - 0x000007fefde8f000 	C:\Windows\system32\MSASN1.dll
0x000007fefcdf0000 - 0x000007fefcdfc000 	C:\Windows\system32\VERSION.dll
0x000007fefcdd0000 - 0x000007fefcde6000 	C:\Windows\system32\NETAPI32.dll
0x000007fefd2a0000 - 0x000007fefd2ac000 	C:\Windows\system32\netutils.dll
0x000007fefd8f0000 - 0x000007fefd913000 	C:\Windows\system32\srvcli.dll
0x000007fefcdb0000 - 0x000007fefcdc5000 	C:\Windows\system32\wkscli.dll
0x000007fefcda0000 - 0x000007fefcdac000 	C:\Windows\system32\DSROLE.DLL
0x000007fefbd80000 - 0x000007fefbd95000 	C:\Windows\system32\NLAapi.dll
0x000007fefa260000 - 0x000007fefa275000 	C:\Windows\system32\napinsp.dll
0x000007fefa280000 - 0x000007fefa299000 	C:\Windows\system32\pnrpnsp.dll
0x000007fefd490000 - 0x000007fefd4eb000 	C:\Windows\system32\DNSAPI.dll
0x000007fefa050000 - 0x000007fefa05b000 	C:\Windows\System32\winrnr.dll
0x000007fefcc70000 - 0x000007fefcd95000 	C:\Windows\system32\DBGHELP.DLL
0x0000000075220000 - 0x0000000075223000 	C:\Windows\system32\security.dll
0x000007fefda70000 - 0x000007fefda7b000 	C:\Windows\system32\SECUR32.DLL
0x000007fefdc40000 - 0x000007fefdc65000 	C:\Windows\system32\SSPICLI.DLL
0x000007fefd260000 - 0x000007fefd26a000 	C:\Windows\system32\credssp.dll
0x000007fefd5a0000 - 0x000007fefd5f1000 	C:\Windows\system32\msv1_0.DLL
0x000007fefd920000 - 0x000007fefd934000 	C:\Windows\system32\cryptdll.dll
0x000007fefcc50000 - 0x000007fefcc57000 	C:\Windows\System32\wshtcpip.dll
0x000007fefb060000 - 0x000007fefb087000 	C:\Windows\system32\IPHLPAPI.DLL
0x000007fefb020000 - 0x000007fefb02b000 	C:\Windows\system32\WINNSI.DLL
0x000007fefa980000 - 0x000007fefa988000 	C:\Windows\system32\rasadhlp.dll
0x000007fefaf50000 - 0x000007fefafa3000 	C:\Windows\System32\fwpuclnt.dll
0x000007feefa50000 - 0x000007feefc4f000 	C:\Windows\system32\d3d9.dll
0x000007fefacf0000 - 0x000007fefacf7000 	C:\Windows\system32\d3d8thk.dll
0x0000000072cf0000 - 0x0000000072d86000 	C:\Windows\system32\aticfx64.dll
0x000007fefc670000 - 0x000007fefc67b000 	C:\Windows\system32\atiu9p64.dll
0x0000000065070000 - 0x0000000065556000 	C:\Windows\system32\atiumd64.dll
0x000000006d020000 - 0x000000006d2e1000 	C:\Windows\system32\atiumd6a.dll
0x0000000070d80000 - 0x0000000070dc1000 	C:\Program Files\Java\jre7\bin\t2k.dll
0x000007fef8dd0000 - 0x000007fef8e70000 	C:\Windows\WinSxS\amd64_microsoft.windows.common-controls_6595b64144ccf1df_5.82.7601.17514_none_a4d6a923711520a9\comctl32.dll
0x000007feff930000 - 0x000007feffb07000 	C:\Windows\system32\SETUPAPI.dll
0x000007fefe040000 - 0x000007fefe076000 	C:\Windows\system32\CFGMGR32.dll
0x000007fefe120000 - 0x000007fefe13a000 	C:\Windows\system32\DEVOBJ.dll
0x000007feff6a0000 - 0x000007feff739000 	C:\Windows\system32\CLBCatQ.DLL
0x000007fefc500000 - 0x000007fefc62c000 	C:\Windows\system32\propsys.dll
0x000007fefcb60000 - 0x000007fefcb8d000 	C:\Windows\system32\ntmarta.dll
0x000007feffb10000 - 0x000007feffb62000 	C:\Windows\system32\WLDAP32.dll
0x000007fefdc70000 - 0x000007fefdcc7000 	C:\Windows\system32\apphelp.dll
0x000007fef4c50000 - 0x000007fef4dec000 	C:\Windows\system32\NetworkExplorer.dll
0x000007fef58f0000 - 0x000007fef5924000 	C:\Windows\System32\shdocvw.dll
0x000007fefc630000 - 0x000007fefc63b000 	C:\Windows\system32\slc.dll
0x000007fefbae0000 - 0x000007fefbc0a000 	C:\Windows\system32\WindowsCodecs.dll
0x000007fef78f0000 - 0x000007fef78ff000 	C:\Windows\system32\AcSignIcon.dll
0x00000000710c0000 - 0x00000000715a9000 	C:\Windows\WinSxS\amd64_microsoft.vc90.mfc_1fc8b3b9a1e18e3b_9.0.30729.6161_none_044aad0bab1eb146\mfc90u.dll
0x00000000727f0000 - 0x0000000072893000 	C:\Windows\WinSxS\amd64_microsoft.vc90.crt_1fc8b3b9a1e18e3b_9.0.30729.6161_none_08e61857a83bc251\MSVCR90.dll
0x000007fefa820000 - 0x000007fefa827000 	C:\Windows\system32\MSIMG32.dll
0x00000000746f0000 - 0x00000000746fe000 	C:\Windows\WinSxS\amd64_microsoft.vc90.mfcloc_1fc8b3b9a1e18e3b_9.0.30729.6161_none_01c9581e60cbee58\MFC90RUS.DLL
0x000007fef70f0000 - 0x000007fef7125000 	C:\Windows\system32\EhStorShell.dll
0x000007fef7070000 - 0x000007fef70ee000 	C:\Windows\System32\cscui.dll
0x000007fef78e0000 - 0x000007fef78ec000 	C:\Windows\System32\CSCDLL.dll
0x000007fef87a0000 - 0x000007fef87af000 	C:\Windows\system32\CSCAPI.dll
0x000007fef6f80000 - 0x000007fef7000000 	C:\Windows\system32\ntshrui.dll
0x000007fef79d0000 - 0x000007fef79e8000 	C:\Windows\system32\MPR.dll
0x000007fefc680000 - 0x000007fefc68a000 	C:\Windows\System32\drprov.dll
0x000007fefdcd0000 - 0x000007fefdd0d000 	C:\Windows\System32\WINSTA.dll
0x000007fef6a90000 - 0x000007fef6ab2000 	C:\Windows\System32\ntlanman.dll
0x000007fefa8d0000 - 0x000007fefa8ec000 	C:\Windows\System32\davclnt.dll
0x000007fefc640000 - 0x000007fefc64a000 	C:\Windows\System32\DAVHLPR.dll
0x000007feee040000 - 0x000007feee2b1000 	C:\Windows\system32\wpdshext.dll
0x000007fefbf70000 - 0x000007fefc185000 	C:\Windows\WinSxS\amd64_microsoft.windows.gdiplus_6595b64144ccf1df_1.1.7601.17514_none_2b24536c71ed437a\gdiplus.dll
0x000007fef7ec0000 - 0x000007fef7f7d000 	C:\Windows\system32\PortableDeviceApi.dll
0x000007fefad20000 - 0x000007fefad47000 	C:\Windows\system32\EhStorAPI.dll
0x000007fef7050000 - 0x000007fef705c000 	C:\Windows\system32\LINKINFO.dll
0x0000000010000000 - 0x000000001005a000 	D:\Users\BamkinA\git\jr-test\jni\win64\jogl.dll
0x000007fef4810000 - 0x000007fef492d000 	C:\Windows\system32\OPENGL32.dll
0x000007fef47e0000 - 0x000007fef480d000 	C:\Windows\system32\GLU32.dll
0x000007fef46e0000 - 0x000007fef47d1000 	C:\Windows\system32\DDRAW.dll
0x000007fef6340000 - 0x000007fef6348000 	C:\Windows\system32\DCIMAN32.dll
0x00000000704b0000 - 0x0000000070579000 	C:\Windows\WinSxS\amd64_microsoft.vc80.crt_1fc8b3b9a1e18e3b_8.0.50727.4940_none_88df89932faf0bf6\MSVCR80.dll
0x0000000070d50000 - 0x0000000070d80000 	C:\Program Files\Java\jre7\bin\jpeg.dll
0x0000000073960000 - 0x0000000073967000 	C:\Program Files\Java\jre7\bin\jawt.dll
0x00000000066a0000 - 0x00000000066a7000 	D:\Users\BamkinA\git\jr-test\jni\win64\jogl_awt.dll
0x000007fefa830000 - 0x000007fefa838000 	C:\Windows\system32\atig6pxx.dll
0x0000000010060000 - 0x00000000113d4000 	C:\Windows\system32\atio6axx.dll
0x000007fef86b0000 - 0x000007fef86b9000 	C:\Windows\system32\atig6txx.dll
0x0000000180000000 - 0x0000000180056000 	C:\Windows\system32\atiadlxx.dll

VM Arguments:
jvm_args: -Djava.library.path=D:\Users\BamkinA\git\jr-test\jni\linux64 -Dfile.encoding=Cp1251 
java_command: de.jreality.tutorial.app.BackgroundExample
Launcher Type: SUN_STANDARD

Environment Variables:
PATH=C:\Windows\system32;C:\Windows;C:\Windows\System32\Wbem;C:\Windows\System32\WindowsPowerShell\v1.0\;C:\Program Files\Java\jre6\bin\;C:\Program Files\SlikSvn\bin
USERNAME=BamkinA
OS=Windows_NT
PROCESSOR_IDENTIFIER=Intel64 Family 6 Model 42 Stepping 7, GenuineIntel



---------------  S Y S T E M  ---------------

OS: Windows 7 , 64 bit Build 7601 Service Pack 1

CPU:total 4 (4 cores per cpu, 1 threads per core) family 6 model 42 stepping 7, cmov, cx8, fxsr, mmx, sse, sse2, sse3, ssse3, sse4.1, sse4.2, popcnt

Memory: 4k page, physical 4170612k(2174700k free), swap 8339376k(5404932k free)

vm_info: Java HotSpot(TM) 64-Bit Server VM (21.0-b17) for windows-amd64 JRE (1.7.0-b147), built on Jun 27 2011 02:19:45 by "java_re" with unknown MS VC++:1600

time: Wed Nov 16 18:15:53 2011
elapsed time: 2 seconds

